Dec 10 12:24:58 /home/nick/demons/3/1.txt: изменился файл
 ______________
< goalgoalgoal >
 --------------
        \   ^__^
         \  (oo)\_______
            (__)\       )\/\
                ||----w |
                ||     ||

Dec 15 22:04:22 /home/nick/labs/demons/3/1.txt: изменился файл
 _____________________
< goalgoidagoidagoida >
 ---------------------
        \   ^__^
         \  (oo)\_______
            (__)\       )\/\
                ||----w |
                ||     ||

Dec 17 16:24:39 /home/nick/labs/demons/3/1.txt: изменился файл
 _____
< 123 >
 -----
        \   ^__^
         \  (oo)\_______
            (__)\       )\/\
                ||----w |
                ||     ||

